<?xml version="1.0" encoding="UTF-8"?>
<testsuite name="com.jojoldu.book.springboot.web.HelloControllerTest" tests="2" skipped="0" failures="0" errors="0" timestamp="2020-08-07T04:05:44" hostname="LAPTOP-JMPJ32SV" time="0.207">
  <properties/>
  <testcase name="hello가_리턴된다" classname="com.jojoldu.book.springboot.web.HelloControllerTest" time="0.043"/>
  <testcase name="helloDto가_리턴된다" classname="com.jojoldu.book.springboot.web.HelloControllerTest" time="0.162"/>
  <system-out><![CDATA[2020-08-07 13:05:42.483  INFO 11776 --- [    Test worker] .b.t.a.w.s.WebMvcTestContextBootstrapper : Neither @ContextConfiguration nor @ContextHierarchy found for test class [com.jojoldu.book.springboot.web.HelloControllerTest], using SpringBootContextLoader
2020-08-07 13:05:42.484  INFO 11776 --- [    Test worker] o.s.t.c.support.AbstractContextLoader    : Could not detect default resource locations for test class [com.jojoldu.book.springboot.web.HelloControllerTest]: no resource found for suffixes {-context.xml, Context.groovy}.
2020-08-07 13:05:42.485  INFO 11776 --- [    Test worker] t.c.s.AnnotationConfigContextLoaderUtils : Could not detect default configuration classes for test class [com.jojoldu.book.springboot.web.HelloControllerTest]: HelloControllerTest does not declare any static, non-private, non-final, nested classes annotated with @Configuration.
2020-08-07 13:05:42.521  INFO 11776 --- [    Test worker] .b.t.c.SpringBootTestContextBootstrapper : Found @SpringBootConfiguration com.jojoldu.book.springboot.Application for test class com.jojoldu.book.springboot.web.HelloControllerTest
2020-08-07 13:05:42.522  INFO 11776 --- [    Test worker] .b.t.a.w.s.WebMvcTestContextBootstrapper : Loaded default TestExecutionListener class names from location [META-INF/spring.factories]: [org.springframework.security.test.context.support.WithSecurityContextTestExecutionListener, org.springframework.security.test.context.support.ReactorContextTestExecutionListener, org.springframework.boot.test.autoconfigure.restdocs.RestDocsTestExecutionListener, org.springframework.boot.test.autoconfigure.web.client.MockRestServiceServerResetTestExecutionListener, org.springframework.boot.test.autoconfigure.web.servlet.MockMvcPrintOnlyOnFailureTestExecutionListener, org.springframework.boot.test.autoconfigure.web.servlet.WebDriverTestExecutionListener, org.springframework.boot.test.mock.mockito.MockitoTestExecutionListener, org.springframework.boot.test.mock.mockito.ResetMocksTestExecutionListener, org.springframework.test.context.web.ServletTestExecutionListener, org.springframework.test.context.support.DirtiesContextBeforeModesTestExecutionListener, org.springframework.test.context.support.DependencyInjectionTestExecutionListener, org.springframework.test.context.support.DirtiesContextTestExecutionListener, org.springframework.test.context.transaction.TransactionalTestExecutionListener, org.springframework.test.context.jdbc.SqlScriptsTestExecutionListener]
2020-08-07 13:05:42.524  INFO 11776 --- [    Test worker] .b.t.a.w.s.WebMvcTestContextBootstrapper : Using TestExecutionListeners: [org.springframework.test.context.web.ServletTestExecutionListener@5211be8f, org.springframework.test.context.support.DirtiesContextBeforeModesTestExecutionListener@69a57a08, org.springframework.boot.test.mock.mockito.MockitoTestExecutionListener@771be30d, org.springframework.boot.test.autoconfigure.SpringBootDependencyInjectionTestExecutionListener@2ee806e1, org.springframework.test.context.support.DirtiesContextTestExecutionListener@71d22075, org.springframework.test.context.transaction.TransactionalTestExecutionListener@33e5717d, org.springframework.test.context.jdbc.SqlScriptsTestExecutionListener@1b4eef87, org.springframework.security.test.context.support.WithSecurityContextTestExecutionListener@75ff3d01, org.springframework.security.test.context.support.ReactorContextTestExecutionListener@154e6a43, org.springframework.boot.test.autoconfigure.restdocs.RestDocsTestExecutionListener@db89f0e, org.springframework.boot.test.autoconfigure.web.client.MockRestServiceServerResetTestExecutionListener@61e66be9, org.springframework.boot.test.autoconfigure.web.servlet.MockMvcPrintOnlyOnFailureTestExecutionListener@6d7d55e1, org.springframework.boot.test.autoconfigure.web.servlet.WebDriverTestExecutionListener@b07367f, org.springframework.boot.test.mock.mockito.ResetMocksTestExecutionListener@420e98fe]

  .   ____          _            __ _ _
 /\\ / ___'_ __ _ _(_)_ __  __ _ \ \ \ \
( ( )\___ | '_ | '_| | '_ \/ _` | \ \ \ \
 \\/  ___)| |_)| | | | | || (_| |  ) ) ) )
  '  |____| .__|_| |_|_| |_\__, | / / / /
 =========|_|==============|___/=/_/_/_/
 :: Spring Boot ::        (v2.1.9.RELEASE)

2020-08-07 13:05:42.606  INFO 11776 --- [    Test worker] c.j.b.s.web.HelloControllerTest          : Starting HelloControllerTest on LAPTOP-JMPJ32SV with PID 11776 (started by user in C:\Users\user\IdeaProjects\freelec-springboot2-webservice)
2020-08-07 13:05:42.613  INFO 11776 --- [    Test worker] c.j.b.s.web.HelloControllerTest          : No active profile set, falling back to default profiles: default
2020-08-07 13:05:43.440  INFO 11776 --- [    Test worker] o.s.s.concurrent.ThreadPoolTaskExecutor  : Initializing ExecutorService 'applicationTaskExecutor'
2020-08-07 13:05:43.483  INFO 11776 --- [    Test worker] o.s.b.a.w.s.WelcomePageHandlerMapping    : Adding welcome page template: index
2020-08-07 13:05:43.790  INFO 11776 --- [    Test worker] .s.s.UserDetailsServiceAutoConfiguration : 

Using generated security password: eecdcc62-b764-4394-b8e2-b880b4de8774

2020-08-07 13:05:44.019  INFO 11776 --- [    Test worker] o.s.s.web.DefaultSecurityFilterChain     : Creating filter chain: any request, [org.springframework.security.web.context.request.async.WebAsyncManagerIntegrationFilter@1e4940ae, org.springframework.security.web.context.SecurityContextPersistenceFilter@70624330, org.springframework.security.web.header.HeaderWriterFilter@14d5efb5, org.springframework.security.web.csrf.CsrfFilter@102c3abe, org.springframework.security.web.authentication.logout.LogoutFilter@753a0eb6, org.springframework.security.web.authentication.UsernamePasswordAuthenticationFilter@179ee2d2, org.springframework.security.web.authentication.ui.DefaultLoginPageGeneratingFilter@33e877d4, org.springframework.security.web.authentication.ui.DefaultLogoutPageGeneratingFilter@791b6a3, org.springframework.security.web.authentication.www.BasicAuthenticationFilter@572b85aa, org.springframework.security.web.savedrequest.RequestCacheAwareFilter@35f2619, org.springframework.security.web.servletapi.SecurityContextHolderAwareRequestFilter@38ccc980, org.springframework.security.web.authentication.AnonymousAuthenticationFilter@c1c652e, org.springframework.security.web.session.SessionManagementFilter@65ddce5b, org.springframework.security.web.access.ExceptionTranslationFilter@62623590, org.springframework.security.web.access.intercept.FilterSecurityInterceptor@766bf90c]
2020-08-07 13:05:44.052  INFO 11776 --- [    Test worker] o.s.b.t.m.w.SpringBootMockServletContext : Initializing Spring TestDispatcherServlet ''
2020-08-07 13:05:44.053  INFO 11776 --- [    Test worker] o.s.t.web.servlet.TestDispatcherServlet  : Initializing Servlet ''
2020-08-07 13:05:44.071  INFO 11776 --- [    Test worker] o.s.t.web.servlet.TestDispatcherServlet  : Completed initialization in 17 ms
2020-08-07 13:05:44.115  INFO 11776 --- [    Test worker] c.j.b.s.web.HelloControllerTest          : Started HelloControllerTest in 1.587 seconds (JVM running for 24.564)
]]></system-out>
  <system-err><![CDATA[]]></system-err>
</testsuite>
