<?xml version="1.0" encoding="UTF-8"?>
<testsuite name="com.jojoldu.book.springboot.web.HelloControllerTest" tests="2" skipped="0" failures="0" errors="0" timestamp="2020-08-12T06:07:37" hostname="LAPTOP-JMPJ32SV" time="0.397">
  <properties/>
  <testcase name="hello가_리턴된다" classname="com.jojoldu.book.springboot.web.HelloControllerTest" time="0.172"/>
  <testcase name="helloDto가_리턴된다" classname="com.jojoldu.book.springboot.web.HelloControllerTest" time="0.224"/>
  <system-out><![CDATA[2020-08-12 15:07:35.141  INFO 3208 --- [    Test worker] .b.t.a.w.s.WebMvcTestContextBootstrapper : Neither @ContextConfiguration nor @ContextHierarchy found for test class [com.jojoldu.book.springboot.web.HelloControllerTest], using SpringBootContextLoader
2020-08-12 15:07:35.143  INFO 3208 --- [    Test worker] o.s.t.c.support.AbstractContextLoader    : Could not detect default resource locations for test class [com.jojoldu.book.springboot.web.HelloControllerTest]: no resource found for suffixes {-context.xml, Context.groovy}.
2020-08-12 15:07:35.143  INFO 3208 --- [    Test worker] t.c.s.AnnotationConfigContextLoaderUtils : Could not detect default configuration classes for test class [com.jojoldu.book.springboot.web.HelloControllerTest]: HelloControllerTest does not declare any static, non-private, non-final, nested classes annotated with @Configuration.
2020-08-12 15:07:35.242  INFO 3208 --- [    Test worker] .b.t.c.SpringBootTestContextBootstrapper : Found @SpringBootConfiguration com.jojoldu.book.springboot.Application for test class com.jojoldu.book.springboot.web.HelloControllerTest
2020-08-12 15:07:35.245  INFO 3208 --- [    Test worker] .b.t.a.w.s.WebMvcTestContextBootstrapper : Loaded default TestExecutionListener class names from location [META-INF/spring.factories]: [org.springframework.security.test.context.support.WithSecurityContextTestExecutionListener, org.springframework.security.test.context.support.ReactorContextTestExecutionListener, org.springframework.boot.test.autoconfigure.restdocs.RestDocsTestExecutionListener, org.springframework.boot.test.autoconfigure.web.client.MockRestServiceServerResetTestExecutionListener, org.springframework.boot.test.autoconfigure.web.servlet.MockMvcPrintOnlyOnFailureTestExecutionListener, org.springframework.boot.test.autoconfigure.web.servlet.WebDriverTestExecutionListener, org.springframework.boot.test.mock.mockito.MockitoTestExecutionListener, org.springframework.boot.test.mock.mockito.ResetMocksTestExecutionListener, org.springframework.test.context.web.ServletTestExecutionListener, org.springframework.test.context.support.DirtiesContextBeforeModesTestExecutionListener, org.springframework.test.context.support.DependencyInjectionTestExecutionListener, org.springframework.test.context.support.DirtiesContextTestExecutionListener, org.springframework.test.context.transaction.TransactionalTestExecutionListener, org.springframework.test.context.jdbc.SqlScriptsTestExecutionListener]
2020-08-12 15:07:35.271  INFO 3208 --- [    Test worker] .b.t.a.w.s.WebMvcTestContextBootstrapper : Using TestExecutionListeners: [org.springframework.test.context.web.ServletTestExecutionListener@60321bfa, org.springframework.test.context.support.DirtiesContextBeforeModesTestExecutionListener@37e98672, org.springframework.boot.test.mock.mockito.MockitoTestExecutionListener@4a048e44, org.springframework.boot.test.autoconfigure.SpringBootDependencyInjectionTestExecutionListener@347fc9ba, org.springframework.test.context.support.DirtiesContextTestExecutionListener@4462f904, org.springframework.test.context.transaction.TransactionalTestExecutionListener@3fc33dec, org.springframework.test.context.jdbc.SqlScriptsTestExecutionListener@51dbe2fe, org.springframework.security.test.context.support.WithSecurityContextTestExecutionListener@1ba3c366, org.springframework.security.test.context.support.ReactorContextTestExecutionListener@485ab3cf, org.springframework.boot.test.autoconfigure.restdocs.RestDocsTestExecutionListener@6e50cb75, org.springframework.boot.test.autoconfigure.web.client.MockRestServiceServerResetTestExecutionListener@60121853, org.springframework.boot.test.autoconfigure.web.servlet.MockMvcPrintOnlyOnFailureTestExecutionListener@65af4fc4, org.springframework.boot.test.autoconfigure.web.servlet.WebDriverTestExecutionListener@78f65c75, org.springframework.boot.test.mock.mockito.ResetMocksTestExecutionListener@10153b7d]

  .   ____          _            __ _ _
 /\\ / ___'_ __ _ _(_)_ __  __ _ \ \ \ \
( ( )\___ | '_ | '_| | '_ \/ _` | \ \ \ \
 \\/  ___)| |_)| | | | | || (_| |  ) ) ) )
  '  |____| .__|_| |_|_| |_\__, | / / / /
 =========|_|==============|___/=/_/_/_/
 :: Spring Boot ::        (v2.1.9.RELEASE)

2020-08-12 15:07:35.385  INFO 3208 --- [    Test worker] c.j.b.s.web.HelloControllerTest          : Starting HelloControllerTest on LAPTOP-JMPJ32SV with PID 3208 (started by user in C:\Users\user\IdeaProjects\freelec-springboot2-webservice)
2020-08-12 15:07:35.393  INFO 3208 --- [    Test worker] c.j.b.s.web.HelloControllerTest          : No active profile set, falling back to default profiles: default
2020-08-12 15:07:36.700  INFO 3208 --- [    Test worker] o.s.s.concurrent.ThreadPoolTaskExecutor  : Initializing ExecutorService 'applicationTaskExecutor'
2020-08-12 15:07:36.791  INFO 3208 --- [    Test worker] o.s.b.a.w.s.WelcomePageHandlerMapping    : Adding welcome page template: index
2020-08-12 15:07:37.201  INFO 3208 --- [    Test worker] .s.s.UserDetailsServiceAutoConfiguration : 

Using generated security password: de12d759-fb54-4999-85c1-54382e908fc2

2020-08-12 15:07:37.514  INFO 3208 --- [    Test worker] o.s.s.web.DefaultSecurityFilterChain     : Creating filter chain: any request, [org.springframework.security.web.context.request.async.WebAsyncManagerIntegrationFilter@7621ed37, org.springframework.security.web.context.SecurityContextPersistenceFilter@1e353261, org.springframework.security.web.header.HeaderWriterFilter@69416a3a, org.springframework.security.web.csrf.CsrfFilter@1e8a164f, org.springframework.security.web.authentication.logout.LogoutFilter@402a7d4f, org.springframework.security.web.authentication.UsernamePasswordAuthenticationFilter@15c92256, org.springframework.security.web.authentication.ui.DefaultLoginPageGeneratingFilter@16c58c, org.springframework.security.web.authentication.ui.DefaultLogoutPageGeneratingFilter@2813f8a7, org.springframework.security.web.authentication.www.BasicAuthenticationFilter@2d12a8c5, org.springframework.security.web.savedrequest.RequestCacheAwareFilter@7cc474d8, org.springframework.security.web.servletapi.SecurityContextHolderAwareRequestFilter@1e36c1c0, org.springframework.security.web.authentication.AnonymousAuthenticationFilter@107f39e0, org.springframework.security.web.session.SessionManagementFilter@27b72133, org.springframework.security.web.access.ExceptionTranslationFilter@72e21e29, org.springframework.security.web.access.intercept.FilterSecurityInterceptor@54fdaf58]
2020-08-12 15:07:37.585  INFO 3208 --- [    Test worker] o.s.b.t.m.w.SpringBootMockServletContext : Initializing Spring TestDispatcherServlet ''
2020-08-12 15:07:37.586  INFO 3208 --- [    Test worker] o.s.t.web.servlet.TestDispatcherServlet  : Initializing Servlet ''
2020-08-12 15:07:37.614  INFO 3208 --- [    Test worker] o.s.t.web.servlet.TestDispatcherServlet  : Completed initialization in 28 ms
2020-08-12 15:07:37.728  INFO 3208 --- [    Test worker] c.j.b.s.web.HelloControllerTest          : Started HelloControllerTest in 2.444 seconds (JVM running for 22.299)
]]></system-out>
  <system-err><![CDATA[]]></system-err>
</testsuite>
