<?xml version="1.0" encoding="UTF-8"?>
<testsuite name="com.jojoldu.book.springboot.web.IndexControllerTest" tests="1" skipped="0" failures="0" errors="0" timestamp="2020-08-12T06:07:44" hostname="LAPTOP-JMPJ32SV" time="0.489">
  <properties/>
  <testcase name="메인페이지_로딩" classname="com.jojoldu.book.springboot.web.IndexControllerTest" time="0.489"/>
  <system-out><![CDATA[2020-08-12 15:07:38.139  INFO 3208 --- [    Test worker] .b.t.c.SpringBootTestContextBootstrapper : Neither @ContextConfiguration nor @ContextHierarchy found for test class [com.jojoldu.book.springboot.web.IndexControllerTest], using SpringBootContextLoader
2020-08-12 15:07:38.141  INFO 3208 --- [    Test worker] o.s.t.c.support.AbstractContextLoader    : Could not detect default resource locations for test class [com.jojoldu.book.springboot.web.IndexControllerTest]: no resource found for suffixes {-context.xml, Context.groovy}.
2020-08-12 15:07:38.141  INFO 3208 --- [    Test worker] t.c.s.AnnotationConfigContextLoaderUtils : Could not detect default configuration classes for test class [com.jojoldu.book.springboot.web.IndexControllerTest]: IndexControllerTest does not declare any static, non-private, non-final, nested classes annotated with @Configuration.
2020-08-12 15:07:38.144  INFO 3208 --- [    Test worker] .b.t.c.SpringBootTestContextBootstrapper : Found @SpringBootConfiguration com.jojoldu.book.springboot.Application for test class com.jojoldu.book.springboot.web.IndexControllerTest
2020-08-12 15:07:38.146  INFO 3208 --- [    Test worker] .b.t.c.SpringBootTestContextBootstrapper : Loaded default TestExecutionListener class names from location [META-INF/spring.factories]: [org.springframework.security.test.context.support.WithSecurityContextTestExecutionListener, org.springframework.security.test.context.support.ReactorContextTestExecutionListener, org.springframework.boot.test.autoconfigure.restdocs.RestDocsTestExecutionListener, org.springframework.boot.test.autoconfigure.web.client.MockRestServiceServerResetTestExecutionListener, org.springframework.boot.test.autoconfigure.web.servlet.MockMvcPrintOnlyOnFailureTestExecutionListener, org.springframework.boot.test.autoconfigure.web.servlet.WebDriverTestExecutionListener, org.springframework.boot.test.mock.mockito.MockitoTestExecutionListener, org.springframework.boot.test.mock.mockito.ResetMocksTestExecutionListener, org.springframework.test.context.web.ServletTestExecutionListener, org.springframework.test.context.support.DirtiesContextBeforeModesTestExecutionListener, org.springframework.test.context.support.DependencyInjectionTestExecutionListener, org.springframework.test.context.support.DirtiesContextTestExecutionListener, org.springframework.test.context.transaction.TransactionalTestExecutionListener, org.springframework.test.context.jdbc.SqlScriptsTestExecutionListener]
2020-08-12 15:07:38.149  INFO 3208 --- [    Test worker] .b.t.c.SpringBootTestContextBootstrapper : Using TestExecutionListeners: [org.springframework.test.context.web.ServletTestExecutionListener@70a2f646, org.springframework.test.context.support.DirtiesContextBeforeModesTestExecutionListener@5f6c84cc, org.springframework.boot.test.mock.mockito.MockitoTestExecutionListener@488bf590, org.springframework.boot.test.autoconfigure.SpringBootDependencyInjectionTestExecutionListener@10521f92, org.springframework.test.context.support.DirtiesContextTestExecutionListener@77a5db18, org.springframework.test.context.transaction.TransactionalTestExecutionListener@4cd47bc4, org.springframework.test.context.jdbc.SqlScriptsTestExecutionListener@5be420bb, org.springframework.security.test.context.support.WithSecurityContextTestExecutionListener@5b4a0ada, org.springframework.security.test.context.support.ReactorContextTestExecutionListener@26e67b0, org.springframework.boot.test.autoconfigure.restdocs.RestDocsTestExecutionListener@6d8b3662, org.springframework.boot.test.autoconfigure.web.client.MockRestServiceServerResetTestExecutionListener@17103290, org.springframework.boot.test.autoconfigure.web.servlet.MockMvcPrintOnlyOnFailureTestExecutionListener@1c07e672, org.springframework.boot.test.autoconfigure.web.servlet.WebDriverTestExecutionListener@6d2541a5, org.springframework.boot.test.mock.mockito.ResetMocksTestExecutionListener@59a94245]

  .   ____          _            __ _ _
 /\\ / ___'_ __ _ _(_)_ __  __ _ \ \ \ \
( ( )\___ | '_ | '_| | '_ \/ _` | \ \ \ \
 \\/  ___)| |_)| | | | | || (_| |  ) ) ) )
  '  |____| .__|_| |_|_| |_\__, | / / / /
 =========|_|==============|___/=/_/_/_/
 :: Spring Boot ::        (v2.1.9.RELEASE)

2020-08-12 15:07:38.309  INFO 3208 --- [    Test worker] c.j.b.s.web.IndexControllerTest          : Starting IndexControllerTest on LAPTOP-JMPJ32SV with PID 3208 (started by user in C:\Users\user\IdeaProjects\freelec-springboot2-webservice)
2020-08-12 15:07:38.309  INFO 3208 --- [    Test worker] c.j.b.s.web.IndexControllerTest          : No active profile set, falling back to default profiles: default
2020-08-12 15:07:39.137  INFO 3208 --- [    Test worker] .s.d.r.c.RepositoryConfigurationDelegate : Bootstrapping Spring Data repositories in DEFAULT mode.
2020-08-12 15:07:39.186  INFO 3208 --- [    Test worker] .s.d.r.c.RepositoryConfigurationDelegate : Finished Spring Data repository scanning in 47ms. Found 2 repository interfaces.
2020-08-12 15:07:39.397  INFO 3208 --- [    Test worker] trationDelegate$BeanPostProcessorChecker : Bean 'org.springframework.transaction.annotation.ProxyTransactionManagementConfiguration' of type [org.springframework.transaction.annotation.ProxyTransactionManagementConfiguration$$EnhancerBySpringCGLIB$$c94645d] is not eligible for getting processed by all BeanPostProcessors (for example: not eligible for auto-proxying)
2020-08-12 15:07:40.374  INFO 3208 --- [    Test worker] o.s.b.w.embedded.tomcat.TomcatWebServer  : Tomcat initialized with port(s): 0 (http)
2020-08-12 15:07:40.491  INFO 3208 --- [    Test worker] o.apache.catalina.core.StandardService   : Starting service [Tomcat]
2020-08-12 15:07:40.492  INFO 3208 --- [    Test worker] org.apache.catalina.core.StandardEngine  : Starting Servlet engine: [Apache Tomcat/9.0.26]
2020-08-12 15:07:40.993  INFO 3208 --- [    Test worker] o.a.c.c.C.[Tomcat].[localhost].[/]       : Initializing Spring embedded WebApplicationContext
2020-08-12 15:07:40.994  INFO 3208 --- [    Test worker] o.s.web.context.ContextLoader            : Root WebApplicationContext: initialization completed in 2652 ms
2020-08-12 15:07:41.818  INFO 3208 --- [    Test worker] com.zaxxer.hikari.HikariDataSource       : HikariPool-2 - Starting...
2020-08-12 15:07:41.821  INFO 3208 --- [    Test worker] com.zaxxer.hikari.HikariDataSource       : HikariPool-2 - Start completed.
2020-08-12 15:07:42.037  INFO 3208 --- [    Test worker] o.hibernate.jpa.internal.util.LogHelper  : HHH000204: Processing PersistenceUnitInfo [
	name: default
	...]
2020-08-12 15:07:42.076  INFO 3208 --- [    Test worker] org.hibernate.dialect.Dialect            : HHH000400: Using dialect: org.hibernate.dialect.MySQL5InnoDBDialect
Hibernate: drop table if exists posts
Hibernate: drop table if exists user
Hibernate: create table posts (id bigint not null auto_increment, created_date datetime, modified_date datetime, author varchar(255), content TEXT not null, title varchar(500) not null, primary key (id)) engine=InnoDB
Hibernate: create table user (id bigint not null auto_increment, created_date datetime, modified_date datetime, email varchar(255) not null, name varchar(255) not null, picture varchar(255), role varchar(255) not null, primary key (id)) engine=InnoDB
2020-08-12 15:07:42.256  INFO 3208 --- [    Test worker] o.h.t.schema.internal.SchemaCreatorImpl  : HHH000476: Executing import script 'org.hibernate.tool.schema.internal.exec.ScriptSourceInputNonExistentImpl@66165177'
2020-08-12 15:07:42.258  INFO 3208 --- [    Test worker] j.LocalContainerEntityManagerFactoryBean : Initialized JPA EntityManagerFactory for persistence unit 'default'
2020-08-12 15:07:43.136  INFO 3208 --- [    Test worker] o.h.h.i.QueryTranslatorFactoryInitiator  : HHH000397: Using ASTQueryTranslatorFactory
2020-08-12 15:07:43.428  INFO 3208 --- [    Test worker] o.s.s.web.DefaultSecurityFilterChain     : Creating filter chain: any request, [org.springframework.security.web.context.request.async.WebAsyncManagerIntegrationFilter@82355af, org.springframework.security.web.context.SecurityContextPersistenceFilter@59e05eef, org.springframework.security.web.header.HeaderWriterFilter@6c96824c, org.springframework.security.web.authentication.logout.LogoutFilter@61f8292, org.springframework.security.oauth2.client.web.OAuth2AuthorizationRequestRedirectFilter@315ca4c0, org.springframework.security.oauth2.client.web.OAuth2LoginAuthenticationFilter@33549487, org.springframework.security.web.authentication.ui.DefaultLoginPageGeneratingFilter@5dd3b8e1, org.springframework.security.web.authentication.ui.DefaultLogoutPageGeneratingFilter@777ce2e8, org.springframework.security.web.savedrequest.RequestCacheAwareFilter@3bb79310, org.springframework.security.web.servletapi.SecurityContextHolderAwareRequestFilter@63ebf2c8, org.springframework.security.web.authentication.AnonymousAuthenticationFilter@23d23263, org.springframework.security.web.session.SessionManagementFilter@2902f084, org.springframework.security.web.access.ExceptionTranslationFilter@21a863a0, org.springframework.security.web.access.intercept.FilterSecurityInterceptor@4ed63ed5]
2020-08-12 15:07:43.857  INFO 3208 --- [    Test worker] o.s.s.concurrent.ThreadPoolTaskExecutor  : Initializing ExecutorService 'applicationTaskExecutor'
2020-08-12 15:07:43.878  WARN 3208 --- [    Test worker] aWebConfiguration$JpaWebMvcConfiguration : spring.jpa.open-in-view is enabled by default. Therefore, database queries may be performed during view rendering. Explicitly configure spring.jpa.open-in-view to disable this warning
2020-08-12 15:07:43.929  INFO 3208 --- [    Test worker] o.s.b.a.w.s.WelcomePageHandlerMapping    : Adding welcome page template: index
2020-08-12 15:07:44.452  INFO 3208 --- [    Test worker] s.a.ScheduledAnnotationBeanPostProcessor : No TaskScheduler/ScheduledExecutorService bean found for scheduled processing
2020-08-12 15:07:44.483  INFO 3208 --- [    Test worker] o.s.b.w.embedded.tomcat.TomcatWebServer  : Tomcat started on port(s): 54279 (http) with context path ''
2020-08-12 15:07:44.485  INFO 3208 --- [    Test worker] c.j.b.s.web.IndexControllerTest          : Started IndexControllerTest in 6.33 seconds (JVM running for 29.056)
2020-08-12 15:07:44.729  INFO 3208 --- [o-auto-1-exec-1] o.a.c.c.C.[Tomcat].[localhost].[/]       : Initializing Spring DispatcherServlet 'dispatcherServlet'
2020-08-12 15:07:44.732  INFO 3208 --- [o-auto-1-exec-1] o.s.web.servlet.DispatcherServlet        : Initializing Servlet 'dispatcherServlet'
2020-08-12 15:07:44.846  INFO 3208 --- [o-auto-1-exec-1] o.s.web.servlet.DispatcherServlet        : Completed initialization in 112 ms
Hibernate: select posts0_.id as id1_0_, posts0_.created_date as created_2_0_, posts0_.modified_date as modified3_0_, posts0_.author as author4_0_, posts0_.content as content5_0_, posts0_.title as title6_0_ from posts posts0_ order by posts0_.id DESC
]]></system-out>
  <system-err><![CDATA[]]></system-err>
</testsuite>
